<?xml version="1.0" encoding="UTF-8"?>
<testng-results ignored="0" total="2" passed="2" failed="0" skipped="0">
  <reporter-output>
  </reporter-output>
  <suite started-at="2022-01-27T13:19:13 IST" name="Default suite" finished-at="2022-01-27T13:20:08 IST" duration-ms="55002">
    <groups>
    </groups>
    <test started-at="2022-01-27T13:19:13 IST" name="Default test" finished-at="2022-01-27T13:20:08 IST" duration-ms="55002">
      <class name="demo.Dataprovider">
        <test-method is-config="true" signature="openbrowser()[pri:0, instance:demo.Dataprovider@5b239d7d]" started-at="2022-01-27T13:19:10 IST" name="openbrowser" finished-at="2022-01-27T13:19:13 IST" duration-ms="2468" status="PASS">
          <reporter-output>
          </reporter-output>
        </test-method> <!-- openbrowser -->
        <test-method is-config="true" signature="geturl()[pri:0, instance:demo.Dataprovider@5b239d7d]" started-at="2022-01-27T13:19:13 IST" name="geturl" finished-at="2022-01-27T13:19:16 IST" duration-ms="2696" status="PASS">
          <reporter-output>
          </reporter-output>
        </test-method> <!-- geturl -->
        <test-method is-config="true" signature="windowmaximise()[pri:0, instance:demo.Dataprovider@5b239d7d]" started-at="2022-01-27T13:19:16 IST" name="windowmaximise" finished-at="2022-01-27T13:19:16 IST" duration-ms="125" status="PASS">
          <reporter-output>
          </reporter-output>
        </test-method> <!-- windowmaximise -->
        <test-method is-config="true" signature="getcookies()[pri:0, instance:demo.Dataprovider@5b239d7d]" started-at="2022-01-27T13:19:16 IST" name="getcookies" finished-at="2022-01-27T13:19:16 IST" duration-ms="1" status="PASS">
          <reporter-output>
          </reporter-output>
        </test-method> <!-- getcookies -->
        <test-method signature="login(java.lang.String,java.lang.String)[pri:0, instance:demo.Dataprovider@5b239d7d]" started-at="2022-01-27T13:19:16 IST" name="login" data-provider="login-data" finished-at="2022-01-27T13:19:41 IST" duration-ms="25143" status="PASS">
          <params>
            <param index="0">
              <value>
                <![CDATA[tandalemahesh0144@gmail.com]]>
              </value>
            </param>
            <param index="1">
              <value>
                <![CDATA[Amu@4321]]>
              </value>
            </param>
          </params>
          <reporter-output>
          </reporter-output>
        </test-method> <!-- login -->
        <test-method is-config="true" signature="getscreenshot()[pri:0, instance:demo.Dataprovider@5b239d7d]" started-at="2022-01-27T13:19:41 IST" name="getscreenshot" finished-at="2022-01-27T13:19:42 IST" duration-ms="794" status="PASS">
          <reporter-output>
          </reporter-output>
        </test-method> <!-- getscreenshot -->
        <test-method is-config="true" signature="getcookies()[pri:0, instance:demo.Dataprovider@5b239d7d]" started-at="2022-01-27T13:19:42 IST" name="getcookies" finished-at="2022-01-27T13:19:42 IST" duration-ms="0" status="PASS">
          <reporter-output>
          </reporter-output>
        </test-method> <!-- getcookies -->
        <test-method signature="login(java.lang.String,java.lang.String)[pri:0, instance:demo.Dataprovider@5b239d7d]" started-at="2022-01-27T13:19:42 IST" name="login" data-provider="login-data" finished-at="2022-01-27T13:20:07 IST" duration-ms="25294" status="PASS">
          <params>
            <param index="0">
              <value>
                <![CDATA[maheshtandale76@gmail.com]]>
              </value>
            </param>
            <param index="1">
              <value>
                <![CDATA[Amu@54321]]>
              </value>
            </param>
          </params>
          <reporter-output>
          </reporter-output>
        </test-method> <!-- login -->
        <test-method is-config="true" signature="getscreenshot()[pri:0, instance:demo.Dataprovider@5b239d7d]" started-at="2022-01-27T13:20:07 IST" name="getscreenshot" finished-at="2022-01-27T13:20:08 IST" duration-ms="638" status="PASS">
          <reporter-output>
          </reporter-output>
        </test-method> <!-- getscreenshot -->
        <test-method is-config="true" signature="deleteallcookies()[pri:0, instance:demo.Dataprovider@5b239d7d]" started-at="2022-01-27T13:20:08 IST" name="deleteallcookies" finished-at="2022-01-27T13:20:08 IST" duration-ms="0" status="PASS">
          <reporter-output>
          </reporter-output>
        </test-method> <!-- deleteallcookies -->
        <test-method is-config="true" signature="closedbconnection()[pri:0, instance:demo.Dataprovider@5b239d7d]" started-at="2022-01-27T13:20:08 IST" name="closedbconnection" finished-at="2022-01-27T13:20:08 IST" duration-ms="266" status="PASS">
          <reporter-output>
          </reporter-output>
        </test-method> <!-- closedbconnection -->
        <test-method is-config="true" signature="closebrowser()[pri:0, instance:demo.Dataprovider@5b239d7d]" started-at="2022-01-27T13:20:08 IST" name="closebrowser" finished-at="2022-01-27T13:20:08 IST" duration-ms="139" status="PASS">
          <reporter-output>
          </reporter-output>
        </test-method> <!-- closebrowser -->
      </class> <!-- demo.Dataprovider -->
    </test> <!-- Default test -->
  </suite> <!-- Default suite -->
</testng-results>
